# Wav2Tensor Data Analysis
# Generated: 2025-05-03 17:45:20

## Configuration
Audio file: audio/song1.mp3
Segment: 20.0s to 25.0s
Harmonic method: filterbank
Processing time: 0.09s

## Tensor Shapes
Spectral: (513, 431)
Harmonic: (513, 431)
Spatial: (2, 513, 431)
Psychoacoustic: (513, 431)

## Harmonic Plane Statistics
Min: 0.000000
Max: 5.901890
Mean: 0.008525
Median: 0.000000
Standard Deviation: 0.116362

## Percentiles
1%: 0.000000
5%: 0.000000
25%: 0.000000
50%: 0.000000
75%: 0.000000
95%: 0.000000
99%: 0.156076

## Harmonic Peaks
Global Maximum: 5.901890 at 43.07 Hz, 3.81 s

## Frequency Band Analysis
### Sub Bass (20-100 Hz)
Mean: 0.492939
Max: 5.901890
Max Location: 43.07 Hz at 3.81 s

### Bass (100-250 Hz)
Mean: 0.128479
Max: 4.597559
Max Location: 107.67 Hz at 4.40 s

### Low Mids (250-500 Hz)
Mean: 0.039179
Max: 1.956458
Max Location: 495.26 Hz at 3.58 s

### Mids (500-2000 Hz)
Mean: 0.009879
Max: 1.973000
Max Location: 602.93 Hz at 3.82 s

### Upper Mids (2000-5000 Hz)
Mean: 0.000093
Max: 0.350805
Max Location: 3165.38 Hz at 1.12 s

### Highs (5000-10000 Hz)
Mean: 0.000000
Max: 0.030240
Max Location: 6890.62 Hz at 3.21 s

