# Wav2Tensor Data Analysis
# Generated: 2025-05-03 17:48:22

## Configuration
Audio file: audio/song1.mp3
Segment: 0.0s to 5.0s
Harmonic method: hps
Processing time: 0.06s

## Tensor Shapes
Spectral: (513, 431)
Harmonic: (513, 431)
Spatial: (2, 513, 431)
Psychoacoustic: (513, 431)

## Harmonic Plane Statistics
Min: 0.000000
Max: 1178839.000000
Mean: 203.115402
Median: 0.363838
Standard Deviation: 8889.352539

## Percentiles
1%: 0.000000
5%: 0.000208
25%: 0.028534
50%: 0.363838
75%: 2.766247
95%: 67.140808
99%: 755.481812

## Harmonic Peaks
Global Maximum: 1178839.000000 at 64.60 Hz, 4.49 s

## Frequency Band Analysis
### Sub Bass (20-100 Hz)
Mean: 14018.340820
Max: 1178839.000000
Max Location: 64.60 Hz at 4.49 s

### Bass (100-250 Hz)
Mean: 5568.782715
Max: 889267.437500
Max Location: 107.67 Hz at 2.28 s

### Low Mids (250-500 Hz)
Mean: 261.486359
Max: 12190.391602
Max Location: 409.13 Hz at 4.93 s

### Mids (500-2000 Hz)
Mean: 40.119236
Max: 11052.991211
Max Location: 581.40 Hz at 1.40 s

### Upper Mids (2000-5000 Hz)
Mean: 20.867565
Max: 11591.473633
Max Location: 2648.58 Hz at 1.51 s

### Highs (5000-10000 Hz)
Mean: 1.285918
Max: 684.177124
Max Location: 5060.30 Hz at 4.39 s

